{"type":"server-started","port":60676,"host":"127.0.0.1","url_host":"localhost","url":"http://localhost:60676","screen_dir":"/Users/vanhtran18/Documents/Sifter/ideation/.superpowers/brainstorm/74248-1774531905/content","state_dir":"/Users/vanhtran18/Documents/Sifter/ideation/.superpowers/brainstorm/74248-1774531905/state"}
{"type":"screen-added","file":"/Users/vanhtran18/Documents/Sifter/ideation/.superpowers/brainstorm/74248-1774531905/content/onboarding.html"}
{"type":"screen-updated","file":"/Users/vanhtran18/Documents/Sifter/ideation/.superpowers/brainstorm/74248-1774531905/content/onboarding.html"}
{"type":"screen-updated","file":"/Users/vanhtran18/Documents/Sifter/ideation/.superpowers/brainstorm/74248-1774531905/content/onboarding.html"}
{"type":"screen-updated","file":"/Users/vanhtran18/Documents/Sifter/ideation/.superpowers/brainstorm/74248-1774531905/content/onboarding.html"}
{"type":"screen-added","file":"/Users/vanhtran18/Documents/Sifter/ideation/.superpowers/brainstorm/74248-1774531905/content/onboarding-v2.html"}
{"type":"screen-updated","file":"/Users/vanhtran18/Documents/Sifter/ideation/.superpowers/brainstorm/74248-1774531905/content/onboarding-v2.html"}
{"type":"screen-updated","file":"/Users/vanhtran18/Documents/Sifter/ideation/.superpowers/brainstorm/74248-1774531905/content/onboarding-v2.html"}
{"type":"screen-updated","file":"/Users/vanhtran18/Documents/Sifter/ideation/.superpowers/brainstorm/74248-1774531905/content/onboarding-v2.html"}
{"type":"screen-updated","file":"/Users/vanhtran18/Documents/Sifter/ideation/.superpowers/brainstorm/74248-1774531905/content/onboarding-v2.html"}
{"type":"screen-added","file":"/Users/vanhtran18/Documents/Sifter/ideation/.superpowers/brainstorm/74248-1774531905/content/dashboard.html"}
{"type":"screen-updated","file":"/Users/vanhtran18/Documents/Sifter/ideation/.superpowers/brainstorm/74248-1774531905/content/dashboard.html"}
{"type":"screen-updated","file":"/Users/vanhtran18/Documents/Sifter/ideation/.superpowers/brainstorm/74248-1774531905/content/dashboard.html"}
{"type":"screen-updated","file":"/Users/vanhtran18/Documents/Sifter/ideation/.superpowers/brainstorm/74248-1774531905/content/dashboard.html"}
{"type":"screen-updated","file":"/Users/vanhtran18/Documents/Sifter/ideation/.superpowers/brainstorm/74248-1774531905/content/dashboard.html"}
{"type":"screen-added","file":"/Users/vanhtran18/Documents/Sifter/ideation/.superpowers/brainstorm/74248-1774531905/content/dashboard-v2.html"}
{"type":"screen-updated","file":"/Users/vanhtran18/Documents/Sifter/ideation/.superpowers/brainstorm/74248-1774531905/content/dashboard-v2.html"}
{"type":"screen-updated","file":"/Users/vanhtran18/Documents/Sifter/ideation/.superpowers/brainstorm/74248-1774531905/content/dashboard-v2.html"}
{"type":"screen-updated","file":"/Users/vanhtran18/Documents/Sifter/ideation/.superpowers/brainstorm/74248-1774531905/content/dashboard-v2.html"}
{"type":"screen-updated","file":"/Users/vanhtran18/Documents/Sifter/ideation/.superpowers/brainstorm/74248-1774531905/content/dashboard-v2.html"}
{"type":"screen-added","file":"/Users/vanhtran18/Documents/Sifter/ideation/.superpowers/brainstorm/74248-1774531905/content/invoice-detail.html"}
{"type":"screen-updated","file":"/Users/vanhtran18/Documents/Sifter/ideation/.superpowers/brainstorm/74248-1774531905/content/invoice-detail.html"}
{"type":"screen-updated","file":"/Users/vanhtran18/Documents/Sifter/ideation/.superpowers/brainstorm/74248-1774531905/content/invoice-detail.html"}
{"type":"screen-updated","file":"/Users/vanhtran18/Documents/Sifter/ideation/.superpowers/brainstorm/74248-1774531905/content/invoice-detail.html"}
{"type":"screen-updated","file":"/Users/vanhtran18/Documents/Sifter/ideation/.superpowers/brainstorm/74248-1774531905/content/invoice-detail.html"}
{"type":"screen-added","file":"/Users/vanhtran18/Documents/Sifter/ideation/.superpowers/brainstorm/74248-1774531905/content/invoice-detail-v2.html"}
{"type":"screen-updated","file":"/Users/vanhtran18/Documents/Sifter/ideation/.superpowers/brainstorm/74248-1774531905/content/invoice-detail-v2.html"}
{"type":"screen-updated","file":"/Users/vanhtran18/Documents/Sifter/ideation/.superpowers/brainstorm/74248-1774531905/content/invoice-detail-v2.html"}
{"type":"screen-updated","file":"/Users/vanhtran18/Documents/Sifter/ideation/.superpowers/brainstorm/74248-1774531905/content/invoice-detail-v2.html"}
{"type":"screen-updated","file":"/Users/vanhtran18/Documents/Sifter/ideation/.superpowers/brainstorm/74248-1774531905/content/invoice-detail-v2.html"}
{"type":"screen-added","file":"/Users/vanhtran18/Documents/Sifter/ideation/.superpowers/brainstorm/74248-1774531905/content/dispute-workflow.html"}
{"type":"screen-updated","file":"/Users/vanhtran18/Documents/Sifter/ideation/.superpowers/brainstorm/74248-1774531905/content/dispute-workflow.html"}
{"type":"screen-updated","file":"/Users/vanhtran18/Documents/Sifter/ideation/.superpowers/brainstorm/74248-1774531905/content/dispute-workflow.html"}
{"type":"screen-updated","file":"/Users/vanhtran18/Documents/Sifter/ideation/.superpowers/brainstorm/74248-1774531905/content/dispute-workflow.html"}
{"type":"server-stopped","reason":"owner process exited"}
